-- The C compiler identification is GNU 10.3.0
-- The C compiler identification is GNU 10.3.0
-- The CXX compiler identification is GNU 10.3.0
-- The CXX compiler identification is GNU 10.3.0
-- The CUDA compiler identification is NVIDIA 11.4.152
-- Detecting C compiler ABI info
-- The CUDA compiler identification is NVIDIA 11.4.152
-- Detecting C compiler ABI info
-- Detecting C compiler ABI info - done
-- Detecting C compiler ABI info - failed
-- Check for working C compiler: /public/soft/linux-centos7-x86_64/gcc-4.8.5/gcc-10.3.0-uoicdrf766usj4ma5wxqq4zaqgatfyy3/bin/gcc
-- Check for working C compiler: /public/soft/linux-centos7-x86_64/gcc-4.8.5/gcc-10.3.0-uoicdrf766usj4ma5wxqq4zaqgatfyy3/bin/gcc - skipped
-- Detecting C compile features
-- Detecting C compile features - done
-- Detecting CXX compiler ABI info
-- Check for working C compiler: /public/soft/linux-centos7-x86_64/gcc-4.8.5/gcc-10.3.0-uoicdrf766usj4ma5wxqq4zaqgatfyy3/bin/gcc - works
-- Detecting C compile features
-- Detecting C compile features - done
-- Detecting CXX compiler ABI info
-- Detecting CXX compiler ABI info - failed
-- Check for working CXX compiler: /public/soft/linux-centos7-x86_64/gcc-4.8.5/gcc-10.3.0-uoicdrf766usj4ma5wxqq4zaqgatfyy3/bin/g++
-- Detecting CXX compiler ABI info - failed
-- Check for working CXX compiler: /public/soft/linux-centos7-x86_64/gcc-4.8.5/gcc-10.3.0-uoicdrf766usj4ma5wxqq4zaqgatfyy3/bin/g++
-- Check for working CXX compiler: /public/soft/linux-centos7-x86_64/gcc-4.8.5/gcc-10.3.0-uoicdrf766usj4ma5wxqq4zaqgatfyy3/bin/g++ - broken
-- Configuring incomplete, errors occurred!
See also "/public/home/zhangxin/qcu/CMakeFiles/CMakeOutput.log".
See also "/public/home/zhangxin/qcu/CMakeFiles/CMakeError.log".
-- Check for working CXX compiler: /public/soft/linux-centos7-x86_64/gcc-4.8.5/gcc-10.3.0-uoicdrf766usj4ma5wxqq4zaqgatfyy3/bin/g++ - broken
-- Configuring incomplete, errors occurred!
See also "/public/home/zhangxin/qcu/CMakeFiles/CMakeOutput.log".
See also "/public/home/zhangxin/qcu/CMakeFiles/CMakeError.log".
~/qcu/test ~/qcu
~/qcu/test ~/qcu
Disabling GPU-Direct RDMA access
Enabling peer-to-peer copy engine and direct load/store access
Peer-to-peer enabled for rank   1 (gpu=1) with neighbor   0 (gpu=0) dir=0, dim=3, access rank = (  0)
Peer-to-peer enabled for rank   1 (gpu=1) with neighbor   0 (gpu=0) dir=1, dim=3, access rank = (  0)
Disabling GPU-Direct RDMA access
Enabling peer-to-peer copy engine and direct load/store access
Peer-to-peer enabled for rank   0 (gpu=0) with neighbor   1 (gpu=1) dir=0, dim=3, access rank = (  0)
Peer-to-peer enabled for rank   0 (gpu=0) with neighbor   1 (gpu=1) dir=1, dim=3, access rank = (  0)
Peer-to-peer enabled for rank   0 (gpu=0) with neighbor   1 (gpu=1) dir=0, dim=3, access rank = (  0)
Peer-to-peer enabled for rank   0 (gpu=0) with neighbor   1 (gpu=1) dir=1, dim=3, access rank = (  0)
Peer-to-peer enabled for rank   1 (gpu=1) with neighbor   0 (gpu=0) dir=0, dim=3, access rank = (  0)
Peer-to-peer enabled for rank   1 (gpu=1) with neighbor   0 (gpu=0) dir=1, dim=3, access rank = (  0)
QUDA 1.1.0 (git 1.1.0--sm_80)
CUDA Driver version = 11040
CUDA Runtime version = 11040
QUDA 1.1.0 (git 1.1.0--sm_80)
CUDA Driver version = 11040
CUDA Runtime version = 11040
Found device 0: NVIDIA A100-PCIE-40GB
Found device 0: NVIDIA A100-PCIE-40GB
Found device 1: NVIDIA A100-PCIE-40GB
Found device 1: NVIDIA A100-PCIE-40GB
Using device 0: NVIDIA A100-PCIE-40GB
Using device 0: NVIDIA A100-PCIE-40GB
WARNING: Data reordering done on GPU (set with QUDA_REORDER_LOCATION=GPU/CPU)
WARNING: Cache file not found.  All kernels will be re-tuned (if tuning is enabled).
WARNING: Cache file not found.  All kernels will be re-tuned (if tuning is enabled).
WARNING: Using device memory pool allocator
WARNING: Using pinned memory pool allocator
WARNING: Data reordering done on GPU (set with QUDA_REORDER_LOCATION=GPU/CPU)
WARNING: Cache file not found.  All kernels will be re-tuned (if tuning is enabled).
WARNING: Cache file not found.  All kernels will be re-tuned (if tuning is enabled).
WARNING: Using device memory pool allocator
WARNING: Using pinned memory pool allocator
cublasCreated successfully
single latt size = [32, 32, 32, 32]
single latt size = [32, 32, 32, 32]
cublasCreated successfully
single latt size = [32, 32, 32, 32]
single latt size = [32, 32, 32, 32]
WARNING: Unexpected regression when tuning candidates for cudaMemcpyDeviceToDevice: (9.02002e-05 > 1.1 * 6.656e-06)
WARNING: Unexpected regression when tuning candidates for N4quda7RNGInitE: (0.0204793 > 1.1 * 0.0119096)
Creating Gaussian distrbuted Lie group field with sigma = 1.000000e-01
Creating Gaussian distrbuted Lie group field with sigma = 1.000000e-01
WARNING: Unexpected regression when tuning candidates for N4quda10GaugeGaussIdLi3EL21QudaReconstructType_s12EEE: (0.00163533 > 1.1 * 0.00145562)
================quda=================
================quda=================
================quda=================
================quda=================
