Traceback (most recent call last):
  File "tests/test.old_cg_16_32_multiprocess.py", line 13, in <module>
    from pyquda import init, core, quda, mpi, pyqcu as qcu
  File "/public/home/wangjc_itp/workspace/qcu_taiyuan/PyQuda/pyquda/__init__.py", line 1, in <module>
    from . import pyquda as quda
ImportError: cannot import name 'pyquda' from partially initialized module 'pyquda' (most likely due to a circular import) (/public/home/wangjc_itp/workspace/qcu_taiyuan/PyQuda/pyquda/__init__.py)
Traceback (most recent call last):
  File "tests/test.old_cg_16_32_multiprocess.py", line 13, in <module>
    from pyquda import init, core, quda, mpi, pyqcu as qcu
  File "/public/home/wangjc_itp/workspace/qcu_taiyuan/PyQuda/pyquda/__init__.py", line 1, in <module>
    from . import pyquda as quda
ImportError: cannot import name 'pyquda' from partially initialized module 'pyquda' (most likely due to a circular import) (/public/home/wangjc_itp/workspace/qcu_taiyuan/PyQuda/pyquda/__init__.py)
Traceback (most recent call last):
  File "tests/test.old_cg_16_32_multiprocess.py", line 13, in <module>
    from pyquda import init, core, quda, mpi, pyqcu as qcu
  File "/public/home/wangjc_itp/workspace/qcu_taiyuan/PyQuda/pyquda/__init__.py", line 1, in <module>
    from . import pyquda as quda
ImportError: cannot import name 'pyquda' from partially initialized module 'pyquda' (most likely due to a circular import) (/public/home/wangjc_itp/workspace/qcu_taiyuan/PyQuda/pyquda/__init__.py)
Traceback (most recent call last):
  File "tests/test.old_cg_16_32_multiprocess.py", line 13, in <module>
    from pyquda import init, core, quda, mpi, pyqcu as qcu
  File "/public/home/wangjc_itp/workspace/qcu_taiyuan/PyQuda/pyquda/__init__.py", line 1, in <module>
    from . import pyquda as quda
ImportError: cannot import name 'pyquda' from partially initialized module 'pyquda' (most likely due to a circular import) (/public/home/wangjc_itp/workspace/qcu_taiyuan/PyQuda/pyquda/__init__.py)
--------------------------------------------------------------------------
Primary job  terminated normally, but 1 process returned
a non-zero exit code. Per user-direction, the job has been aborted.
--------------------------------------------------------------------------
--------------------------------------------------------------------------
nvprof --profile-child-processes -f -o log.nvvp%p mpirun detected that one or more processes exited with non-zero status, thus causing
the job to be terminated. The first process to do so was:

  Process name: [[20561,1],3]
  Exit code:    1
--------------------------------------------------------------------------
